<?xml version="1.0" encoding="UTF-8"?>
<!-- Generated by org.testng.reporters.JUnitXMLReporter -->
<testsuite ignored="0" hostname="LAPTOP-9TH27PRK" failures="1" tests="3" name="Test" time="0.038" errors="0" timestamp="2023-01-30T14:04:02 IST">
  <testcase classname="day38.MyTest" name="test1" time="0.007"/>
  <testcase classname="day38.MyTest" name="test2" time="0.001">
    <failure type="java.lang.AssertionError" message="expected [B] but found [A]">
      <![CDATA[java.lang.AssertionError: expected [B] but found [A]
at day38.MyTest.test2(MyTest.java:17)
at java.base/java.util.ArrayList.forEach(ArrayList.java:1511)
... Removed 33 stack frames]]>
    </failure>
  </testcase> <!-- test2 -->
  <testcase classname="day38.MyTest" name="test3" time="0.0"/>
</testsuite> <!-- Test -->
